TN:
SF:src\middleware\auth.js
FN:3,authJWT
FNF:1
FNH:1
FNDA:3,authJWT
DA:1,1
DA:2,1
DA:3,1
DA:4,3
DA:5,3
DA:6,3
DA:7,1
DA:8,1
DA:9,2
DA:10,2
DA:11,2
DA:12,1
DA:13,1
DA:14,1
DA:15,1
DA:16,1
DA:17,2
DA:18,2
DA:19,1
DA:20,1
LF:20
LH:20
BRDA:3,0,0,3
BRDA:4,1,0,2
BRDA:6,2,0,1
BRDA:8,3,0,2
BRDA:10,4,0,2
BRDA:11,5,0,1
BRF:6
BRH:6
end_of_record
TN:
SF:src\middleware\validation.js
FNF:0
FNH:0
DA:1,1
DA:2,1
DA:3,1
DA:4,1
DA:5,1
DA:6,1
DA:7,1
DA:8,1
DA:9,1
DA:10,1
DA:11,1
DA:12,1
DA:13,1
DA:14,1
DA:15,1
DA:16,1
DA:17,1
DA:18,1
DA:19,1
DA:20,1
DA:21,1
DA:22,1
DA:23,1
DA:24,1
DA:25,1
DA:26,1
DA:27,1
DA:28,1
DA:29,1
DA:30,1
DA:31,1
DA:32,1
DA:33,1
DA:34,1
DA:35,1
DA:36,1
DA:37,1
DA:38,1
DA:39,1
DA:40,1
DA:41,1
DA:42,1
DA:43,1
DA:44,1
DA:45,1
DA:46,1
DA:47,1
DA:48,1
DA:49,1
DA:50,1
DA:51,1
DA:52,1
DA:53,1
DA:54,1
DA:55,1
DA:56,1
DA:57,1
LF:57
LH:57
BRF:0
BRH:0
end_of_record
TN:
SF:src\services\bank_accounts.js
FN:5,BankAccount
FN:14,createAccount
FN:32,getAllAccounts
FN:44,getAccountById
FN:57,withdraw
FN:79,deposit
FN:93,deleteAccount
FNF:7
FNH:7
FNDA:12,BankAccount
FNDA:2,createAccount
FNDA:2,getAllAccounts
FNDA:2,getAccountById
FNDA:2,withdraw
FNDA:2,deposit
FNDA:2,deleteAccount
DA:1,1
DA:2,1
DA:3,1
DA:4,1
DA:5,1
DA:6,12
DA:7,12
DA:8,12
DA:9,12
DA:10,12
DA:11,12
DA:12,1
DA:13,1
DA:14,1
DA:15,2
DA:16,2
DA:17,2
DA:18,2
DA:19,2
DA:20,2
DA:21,2
DA:22,2
DA:23,2
DA:24,1
DA:25,1
DA:26,1
DA:27,1
DA:28,1
DA:29,2
DA:30,1
DA:31,1
DA:32,1
DA:33,2
DA:34,2
DA:35,2
DA:36,2
DA:37,1
DA:38,1
DA:39,1
DA:40,1
DA:41,2
DA:42,1
DA:43,1
DA:44,1
DA:45,2
DA:46,2
DA:47,2
DA:48,2
DA:49,2
DA:50,1
DA:51,1
DA:52,1
DA:53,1
DA:54,2
DA:55,1
DA:56,1
DA:57,1
DA:58,2
DA:59,2
DA:60,2
DA:61,2
DA:62,2
DA:63,2
DA:64,1
DA:65,1
DA:66,1
DA:67,1
DA:68,1
DA:69,1
DA:70,1
DA:71,1
DA:72,1
DA:73,1
DA:74,1
DA:75,1
DA:76,2
DA:77,1
DA:78,1
DA:79,1
DA:80,2
DA:81,2
DA:82,2
DA:83,2
DA:84,2
DA:85,1
DA:86,1
DA:87,1
DA:88,1
DA:89,1
DA:90,2
DA:91,1
DA:92,1
DA:93,1
DA:94,2
DA:95,2
DA:96,2
DA:97,2
DA:98,1
DA:99,1
DA:100,1
DA:101,1
DA:102,2
DA:103,1
DA:104,1
DA:105,1
LF:105
LH:105
BRDA:5,0,0,12
BRDA:14,1,0,2
BRDA:23,2,0,1
BRDA:32,3,0,2
BRDA:36,4,0,1
BRDA:44,5,0,2
BRDA:49,6,0,1
BRDA:57,7,0,2
BRDA:63,8,0,1
BRDA:79,9,0,2
BRDA:84,10,0,1
BRDA:93,11,0,2
BRDA:97,12,0,1
BRF:13
BRH:13
end_of_record
TN:
SF:src\services\profiles.js
FN:5,Profile
FN:14,createProfile
FN:32,getAllProfiles
FN:43,getProfileById
FN:55,updateProfile
FN:67,deleteProfile
FNF:6
FNH:6
FNDA:10,Profile
FNDA:2,createProfile
FNDA:2,getAllProfiles
FNDA:2,getProfileById
FNDA:2,updateProfile
FNDA:2,deleteProfile
DA:1,1
DA:2,1
DA:3,1
DA:4,1
DA:5,1
DA:6,10
DA:7,10
DA:8,10
DA:9,10
DA:10,10
DA:11,10
DA:12,1
DA:13,1
DA:14,1
DA:15,2
DA:16,2
DA:17,2
DA:18,2
DA:19,2
DA:20,2
DA:21,2
DA:22,2
DA:23,2
DA:24,1
DA:25,1
DA:26,1
DA:27,1
DA:28,1
DA:29,2
DA:30,1
DA:31,1
DA:32,1
DA:33,2
DA:34,2
DA:35,2
DA:36,2
DA:37,1
DA:38,1
DA:39,1
DA:40,1
DA:41,2
DA:42,1
DA:43,1
DA:44,2
DA:45,2
DA:46,2
DA:47,2
DA:48,2
DA:49,1
DA:50,1
DA:51,1
DA:52,1
DA:53,2
DA:54,1
DA:55,1
DA:56,2
DA:57,2
DA:58,2
DA:59,2
DA:60,2
DA:61,1
DA:62,1
DA:63,1
DA:64,1
DA:65,2
DA:66,1
DA:67,1
DA:68,2
DA:69,2
DA:70,2
DA:71,2
DA:72,1
DA:73,1
DA:74,1
DA:75,1
DA:76,2
DA:77,1
DA:78,1
DA:79,1
LF:79
LH:79
BRDA:5,0,0,10
BRDA:14,1,0,2
BRDA:23,2,0,1
BRDA:32,3,0,2
BRDA:36,4,0,1
BRDA:43,5,0,2
BRDA:48,6,0,1
BRDA:55,7,0,2
BRDA:60,8,0,1
BRDA:67,9,0,2
BRDA:71,10,0,1
BRF:11
BRH:11
end_of_record
TN:
SF:src\services\transactions.js
FN:5,Transaction
FN:12,transfer
FN:60,getAllTransactions
FN:74,getTransactionById
FNF:4
FNH:4
FNDA:8,Transaction
FNDA:4,transfer
FNDA:2,getAllTransactions
FNDA:2,getTransactionById
DA:1,1
DA:2,1
DA:3,1
DA:4,1
DA:5,1
DA:6,8
DA:7,8
DA:8,8
DA:9,8
DA:10,8
DA:11,1
DA:12,1
DA:13,4
DA:14,4
DA:15,4
DA:16,4
DA:17,4
DA:18,4
DA:19,4
DA:20,4
DA:21,1
DA:22,1
DA:23,3
DA:24,3
DA:25,3
DA:26,3
DA:27,3
DA:28,4
DA:29,1
DA:30,1
DA:31,2
DA:32,4
DA:33,1
DA:34,1
DA:35,1
DA:36,1
DA:37,1
DA:38,1
DA:39,1
DA:40,1
DA:41,1
DA:42,1
DA:43,1
DA:44,1
DA:45,1
DA:46,1
DA:47,1
DA:48,1
DA:49,1
DA:50,1
DA:51,1
DA:52,1
DA:53,1
DA:54,1
DA:55,4
DA:56,1
DA:57,1
DA:58,1
DA:59,1
DA:60,1
DA:61,2
DA:62,2
DA:63,2
DA:64,2
DA:65,2
DA:66,2
DA:67,2
DA:68,1
DA:69,1
DA:70,1
DA:71,1
DA:72,2
DA:73,1
DA:74,1
DA:75,2
DA:76,2
DA:77,2
DA:78,2
DA:79,2
DA:80,2
DA:81,2
DA:82,2
DA:83,1
DA:84,1
DA:85,1
DA:86,1
DA:87,2
DA:88,1
DA:89,1
DA:90,1
LF:90
LH:90
BRDA:5,0,0,8
BRDA:12,1,0,4
BRDA:55,2,0,1
BRDA:15,3,0,4
BRDA:20,4,0,1
BRDA:22,5,0,3
BRDA:28,6,0,1
BRDA:30,7,0,2
BRDA:32,8,0,1
BRDA:60,9,0,2
BRDA:67,10,0,1
BRDA:74,11,0,2
BRDA:82,12,0,1
BRF:13
BRH:13
end_of_record
TN:
SF:src\services\users.js
FN:7,User
FN:15,findUserByEmail
FN:26,register
FN:45,login
FN:70,getAllUsers
FN:81,findUserById
FNF:6
FNH:6
FNDA:11,User
FNDA:2,findUserByEmail
FNDA:2,register
FNDA:3,login
FNDA:2,getAllUsers
FNDA:2,findUserById
DA:1,1
DA:2,1
DA:3,1
DA:4,1
DA:5,1
DA:6,1
DA:7,1
DA:8,11
DA:9,11
DA:10,11
DA:11,11
DA:12,11
DA:13,11
DA:14,1
DA:15,1
DA:16,2
DA:17,2
DA:18,2
DA:19,2
DA:20,1
DA:21,1
DA:22,1
DA:23,1
DA:24,2
DA:25,1
DA:26,1
DA:27,2
DA:28,2
DA:29,2
DA:30,2
DA:31,2
DA:32,2
DA:33,2
DA:34,2
DA:35,2
DA:36,2
DA:37,1
DA:38,1
DA:39,1
DA:40,1
DA:41,1
DA:42,2
DA:43,1
DA:44,1
DA:45,1
DA:46,3
DA:47,3
DA:48,3
DA:49,1
DA:50,1
DA:51,2
DA:52,2
DA:53,3
DA:54,1
DA:55,1
DA:56,1
DA:57,1
DA:58,1
DA:59,1
DA:60,1
DA:61,1
DA:62,1
DA:63,1
DA:64,1
DA:65,3
DA:66,2
DA:67,2
DA:68,3
DA:69,1
DA:70,1
DA:71,2
DA:72,2
DA:73,2
DA:74,2
DA:75,1
DA:76,1
DA:77,1
DA:78,1
DA:79,2
DA:80,1
DA:81,1
DA:82,2
DA:83,2
DA:84,2
DA:85,2
DA:86,2
DA:87,1
DA:88,1
DA:89,1
DA:90,1
DA:91,2
DA:92,1
DA:93,1
DA:94,1
LF:94
LH:94
BRDA:7,0,0,11
BRDA:15,1,0,2
BRDA:19,2,0,1
BRDA:26,3,0,2
BRDA:34,4,0,0
BRDA:36,5,0,1
BRDA:45,6,0,3
BRDA:48,7,0,1
BRDA:50,8,0,2
BRDA:53,9,0,1
BRDA:65,10,0,2
BRDA:70,11,0,2
BRDA:74,12,0,1
BRDA:81,13,0,2
BRDA:86,14,0,1
BRF:15
BRH:14
end_of_record
